Status: 403 - Method: PUT - URL: /user/92fd730d-e1ce-47e4-8ef0-950f3ff2e391

    HttpException: Wrong previous/old password
    at UsersService.update (/usr/src/app/src/modules/users/users.service.ts:83:13)
    at /usr/src/app/node_modules/@nestjs/core/router/router-execution-context.js:46:28
    at /usr/src/app/node_modules/@nestjs/core/router/router-proxy.js:9:17
Status: 400 - Method: PUT - URL: /user/0a35dd62-e09f-444b-a628-f4e7c6954f57

    BadRequestException: Bad Request Exception
    at ValidationPipe.exceptionFactory (/usr/src/app/node_modules/@nestjs/common/pipes/validation.pipe.js:90:20)
    at ValidationPipe.transform (/usr/src/app/node_modules/@nestjs/common/pipes/validation.pipe.js:66:30)
    at processTicksAndRejections (node:internal/process/task_queues:96:5)
    at resolveParamValue (/usr/src/app/node_modules/@nestjs/core/router/router-execution-context.js:147:23)
    at async Promise.all (index 1)
    at pipesFn (/usr/src/app/node_modules/@nestjs/core/router/router-execution-context.js:150:13)
    at /usr/src/app/node_modules/@nestjs/core/router/router-execution-context.js:37:30
    at /usr/src/app/node_modules/@nestjs/core/router/router-execution-context.js:46:28
    at /usr/src/app/node_modules/@nestjs/core/router/router-proxy.js:9:17
Status: 404 - Method: PUT - URL: /track/0a35dd62-e09f-444b-a628-f4e7c6954f57

    HttpException: Album not found
    at TracksService.update (/usr/src/app/src/modules/tracks/tracks.service.ts:47:13)
    at /usr/src/app/node_modules/@nestjs/core/router/router-execution-context.js:46:28
    at /usr/src/app/node_modules/@nestjs/core/router/router-proxy.js:9:17
