Status: 400 - Method: POST - URL: /track

    BadRequestException: Bad Request Exception
    at ValidationPipe.exceptionFactory (/usr/src/app/node_modules/@nestjs/common/pipes/validation.pipe.js:90:20)
    at ValidationPipe.transform (/usr/src/app/node_modules/@nestjs/common/pipes/validation.pipe.js:66:30)
    at processTicksAndRejections (node:internal/process/task_queues:96:5)
    at resolveParamValue (/usr/src/app/node_modules/@nestjs/core/router/router-execution-context.js:147:23)
    at async Promise.all (index 0)
    at pipesFn (/usr/src/app/node_modules/@nestjs/core/router/router-execution-context.js:150:13)
    at /usr/src/app/node_modules/@nestjs/core/router/router-execution-context.js:37:30
    at /usr/src/app/node_modules/@nestjs/core/router/router-execution-context.js:46:28
    at /usr/src/app/node_modules/@nestjs/core/router/router-proxy.js:9:17
Status: 400 - Method: POST - URL: /track

    BadRequestException: Bad Request Exception
    at ValidationPipe.exceptionFactory (/usr/src/app/node_modules/@nestjs/common/pipes/validation.pipe.js:90:20)
    at ValidationPipe.transform (/usr/src/app/node_modules/@nestjs/common/pipes/validation.pipe.js:66:30)
    at processTicksAndRejections (node:internal/process/task_queues:96:5)
    at resolveParamValue (/usr/src/app/node_modules/@nestjs/core/router/router-execution-context.js:147:23)
    at async Promise.all (index 0)
    at pipesFn (/usr/src/app/node_modules/@nestjs/core/router/router-execution-context.js:150:13)
    at /usr/src/app/node_modules/@nestjs/core/router/router-execution-context.js:37:30
    at /usr/src/app/node_modules/@nestjs/core/router/router-execution-context.js:46:28
    at /usr/src/app/node_modules/@nestjs/core/router/router-proxy.js:9:17
Status: 400 - Method: POST - URL: /track

    BadRequestException: Bad Request Exception
    at ValidationPipe.exceptionFactory (/usr/src/app/node_modules/@nestjs/common/pipes/validation.pipe.js:90:20)
    at ValidationPipe.transform (/usr/src/app/node_modules/@nestjs/common/pipes/validation.pipe.js:66:30)
    at processTicksAndRejections (node:internal/process/task_queues:96:5)
    at resolveParamValue (/usr/src/app/node_modules/@nestjs/core/router/router-execution-context.js:147:23)
    at async Promise.all (index 0)
    at pipesFn (/usr/src/app/node_modules/@nestjs/core/router/router-execution-context.js:150:13)
    at /usr/src/app/node_modules/@nestjs/core/router/router-execution-context.js:37:30
    at /usr/src/app/node_modules/@nestjs/core/router/router-execution-context.js:46:28
    at /usr/src/app/node_modules/@nestjs/core/router/router-proxy.js:9:17
